<?xml version="1.0" encoding="UTF-8"?>
<!-- Generated by org.testng.reporters.JUnitReportReporter -->
<testsuite hostname="Antelieahomes" failures="0" tests="2" name="udemy.Greencart" time="21.003" errors="0" timestamp="2020-06-12T15:41:51 IST" skipped="0">
  <testcase classname="udemy.Greencart" name="products" time="3.862"/>
  <system-out/>
  <testcase classname="udemy.Greencart" name="addItemsToCart" time="17.141"/>
  <system-out/>
</testsuite> <!-- udemy.Greencart -->
