<?xml version="1.0" encoding="UTF-8"?>
<!-- Generated by org.testng.reporters.JUnitReportReporter -->
<testsuite hostname="LAPTOP-KNTOACTT" failures="0" tests="2" name="udemy.Greencart" time="13.302" errors="0" timestamp="2020-06-22T11:07:07 IST" skipped="0">
  <testcase classname="udemy.Greencart" name="products" time="1.027"/>
  <system-out/>
  <testcase classname="udemy.Greencart" name="addItemsToCart" time="12.275"/>
  <system-out/>
</testsuite> <!-- udemy.Greencart -->
