<?xml version="1.0" encoding="UTF-8"?>
<!-- Generated by org.testng.reporters.JUnitReportReporter -->
<testsuite hostname="LAPTOP-KNTOACTT" failures="0" tests="1" name="NgoTest" time="343.777" errors="0" timestamp="2020-09-10T18:24:51 IST" skipped="0">
  <testcase classname="NgoTest" name="f" time="343.777"/>
  <system-out/>
</testsuite> <!-- NgoTest -->
