<?xml version="1.0" encoding="UTF-8"?>
<!-- Generated by org.testng.reporters.JUnitReportReporter -->
<testsuite hostname="LAPTOP-KNTOACTT" failures="0" tests="2" name="udemy.Greencart" time="25.160" errors="0" timestamp="2020-08-11T14:13:49 IST" skipped="0">
  <testcase classname="udemy.Greencart" name="products" time="0.947"/>
  <system-out/>
  <testcase classname="udemy.Greencart" name="addItemsToCart" time="24.213"/>
  <system-out/>
</testsuite> <!-- udemy.Greencart -->
