<?xml version="1.0" encoding="UTF-8"?>
<!-- Generated by org.testng.reporters.JUnitReportReporter -->
<testsuite hostname="LAPTOP-KNTOACTT" failures="0" tests="2" name="udemy.Greencart" time="22.689" errors="0" timestamp="2020-09-09T12:43:33 IST" skipped="0">
  <testcase classname="udemy.Greencart" name="products" time="1.172"/>
  <system-out/>
  <testcase classname="udemy.Greencart" name="addItemsToCart" time="21.517"/>
  <system-out/>
</testsuite> <!-- udemy.Greencart -->
