<?xml version="1.0" encoding="UTF-8"?>
<!-- Generated by org.testng.reporters.JUnitReportReporter -->
<testsuite hostname="LAPTOP-KNTOACTT" failures="0" tests="2" name="udemy.testcases.FlightBookTest" time="2.505" errors="0" timestamp="2020-06-24T19:29:08 IST" skipped="0">
  <testcase classname="udemy.testcases.FlightBookTest" name="selectOrigin" time="0.570"/>
  <system-out/>
  <testcase classname="udemy.testcases.FlightBookTest" name="selectDestination" time="1.935"/>
  <system-out/>
</testsuite> <!-- udemy.testcases.FlightBookTest -->
