<?xml version="1.0" encoding="UTF-8"?>
<!-- Generated by org.testng.reporters.JUnitReportReporter -->
<testsuite hostname="Antelieahomes" failures="0" tests="3" name="udemy.Checkbox" time="13.823" errors="0" timestamp="2020-05-21T11:02:15 IST" skipped="0">
  <testcase classname="udemy.Checkbox" name="selectCheckBox" time="1.867"/>
  <system-out/>
  <testcase classname="udemy.Checkbox" name="unselectCheckBox" time="5.785"/>
  <system-out/>
  <testcase classname="udemy.Checkbox" name="Checkbox" time="6.171"/>
  <system-out/>
</testsuite> <!-- udemy.Checkbox -->
